<?xml version="1.0" encoding="UTF-8"?>
<!-- Generated by org.testng.reporters.JUnitReportReporter -->
<testsuite skipped="0" hostname="DESKTOP-M2RVEQJ" name="furlough.project.RestAPITest" tests="1" failures="0" timestamp="2020-01-10T16:49:49 IST" time="5.609" errors="0">
  <testcase name="weatherAPI" time="5.609" classname="furlough.project.RestAPITest"/>
  <system-out/>
</testsuite> <!-- furlough.project.RestAPITest -->
